<?xml version="1.0" encoding="UTF-8"?>
<!-- Generated by org.testng.reporters.JUnitXMLReporter -->
<testsuite hostname="Ivan_Mechnikov" failures="0" tests="3" name="Surefire test" time="3.223" errors="0" timestamp="21 Aug 2019 19:53:58 GMT">
  <testcase classname="DocInBoxTest.DocInBoxDateTest" name="checkConnection" time="3.213"/>
  <testcase classname="DocInBoxTest.DocInBoxDateTest" name="checkFutureDateRequest" time="0.0">
    <skipped/>
  </testcase> <!-- checkFutureDateRequest -->
  <testcase classname="DocInBoxTest.DocInBoxTimeTest" name="checkFutureDateRequest" time="0.001">
    <skipped/>
  </testcase> <!-- checkFutureDateRequest -->
</testsuite> <!-- Surefire test -->
