<?xml version="1.0" encoding="UTF-8"?>
<!-- Generated by org.testng.reporters.JUnitXMLReporter -->
<testsuite ignored="0" hostname="Ivan_Mechnikov" failures="0" tests="3" name="Command line test" time="1.04" errors="0" timestamp="2019-08-22T10:11:03 MSK">
  <testcase classname="DocInBoxTest.DocInBoxDateTest" name="checkConnection" time="0.589"/>
  <testcase classname="DocInBoxTest.DocInBoxDateTest" name="checkFutureDateRequest" time="0.209"/>
  <testcase classname="DocInBoxTest.DocInBoxDateTest" name="checkPastDateRequest" time="0.199"/>
</testsuite> <!-- Command line test -->
