<?xml version="1.0" encoding="UTF-8"?>
<testng-results ignored="0" total="6" passed="6" failed="0" skipped="0">
  <reporter-output>
    <line>
      <![CDATA[ Test checkFutureDateRequest passed.]]>
    </line>
    <line>
      <![CDATA[ Test checkPastDateRequest passed.]]>
    </line>
    <line>
      <![CDATA[ Test checkDuplicateDocumentRequest passed.]]>
    </line>
    <line>
      <![CDATA[ Test checkIncorrectBuyerInnRequest passed.]]>
    </line>
    <line>
      <![CDATA[ Test checkIncorrectSystemInfo passed.]]>
    </line>
  </reporter-output>
  <suite started-at="2019-08-22T13:31:14 MSK" name="DocInBoxTestSuite" finished-at="2019-08-22T13:31:16 MSK" duration-ms="2021">
    <groups>
    </groups>
    <test started-at="2019-08-22T13:31:14 MSK" name="DateTest" finished-at="2019-08-22T13:31:16 MSK" duration-ms="1319">
      <class name="DocInBoxTest.DocInBoxDateTest">
        <test-method is-config="true" signature="checkConnection()[pri:0, instance:DocInBoxTest.DocInBoxDateTest@158da8e]" started-at="2019-08-22T13:31:14 MSK" name="checkConnection" finished-at="2019-08-22T13:31:15 MSK" duration-ms="680" status="PASS">
          <reporter-output>
          </reporter-output>
        </test-method> <!-- checkConnection -->
        <test-method signature="checkConnection()[pri:0, instance:DocInBoxTest.DocInBoxDateTest@158da8e]" started-at="2019-08-22T13:31:15 MSK" name="checkConnection" finished-at="2019-08-22T13:31:15 MSK" duration-ms="193" status="PASS">
          <reporter-output>
          </reporter-output>
        </test-method> <!-- checkConnection -->
        <test-method signature="checkFutureDateRequest(org.json.simple.JSONObject, java.lang.String)[pri:0, instance:DocInBoxTest.DocInBoxDateTest@158da8e]" started-at="2019-08-22T13:31:15 MSK" name="checkFutureDateRequest" data-provider="TestType" finished-at="2019-08-22T13:31:15 MSK" duration-ms="214" status="PASS">
          <params>
            <param index="0">
              <value>
                <![CDATA[{"systemInfo":"system=1C77;version=2.12.32.32;configVersion=1С бухгалтерия 10.3;clientVersion=1.2.3;ssl=true","payload":{"documents":[{"seller":{"additionalId":"office1","inn":"7729671578","name":"Тест Поставщик","kpp":"772345001"},"date":"01.11.2029 09:01:02","ttnNumber":"TTN-as78917293723","incomingNumber":"178939719898","invoiceNumber":"INV-127891789123","sum":27892.77,"comment":"Комментарий","items":[{"totalSum":118.0,"amount":1.23,"code":"cucumber","measure":"кг","ndsSum":18.0,"name":"Огурцы","ndsPercent":18.0,"storeCode":"bar"}],"buyer":{"additionalId":"office1","inn":"7841495202","name":"Тест покупатель","kpp":"784101001"}}]},"secretWord":"e003be61-9b1b-4d03-9c6f-248d015ca6ed"}]]>
              </value>
            </param>
            <param index="1">
              <value>
                <![CDATA[Invoice № 178939719898 cannot be imported. Invalid Document Date: Thu Nov 01 09:01:02 MSK 2029. Please, contact support. Tel.: +7 800 555-96-79; e-mail: support@docsinbox.ru]]>
              </value>
            </param>
          </params>
          <reporter-output>
            <line>
              <![CDATA[ Test checkFutureDateRequest passed.]]>
            </line>
          </reporter-output>
        </test-method> <!-- checkFutureDateRequest -->
        <test-method signature="checkPastDateRequest(org.json.simple.JSONObject, java.lang.String)[pri:0, instance:DocInBoxTest.DocInBoxDateTest@158da8e]" started-at="2019-08-22T13:31:15 MSK" name="checkPastDateRequest" data-provider="TestType" finished-at="2019-08-22T13:31:16 MSK" duration-ms="196" status="PASS">
          <params>
            <param index="0">
              <value>
                <![CDATA[{"systemInfo":"system=1C77;version=2.12.32.32;configVersion=1С бухгалтерия 10.3;clientVersion=1.2.3;ssl=true","payload":{"documents":[{"seller":{"additionalId":"office1","inn":"7729671578","name":"Тест Поставщик","kpp":"772345001"},"date":"04.11.1029 09:01:02","ttnNumber":"TTN-as78917293723","incomingNumber":"178939719898","invoiceNumber":"INV-127891789123","sum":27892.77,"comment":"Комментарий","items":[{"totalSum":118.0,"amount":1.23,"code":"cucumber","measure":"кг","ndsSum":18.0,"name":"Огурцы","ndsPercent":18.0,"storeCode":"bar"}],"buyer":{"additionalId":"office1","inn":"7841495202","name":"Тест покупатель","kpp":"784101001"}}]},"secretWord":"e003be61-9b1b-4d03-9c6f-248d015ca6ed"}]]>
              </value>
            </param>
            <param index="1">
              <value>
                <![CDATA[Invoice № 178939719898 cannot be imported. Invalid Document Date: Wed Oct 29 09:30:45 MSK 1029. Please, contact support. Tel.: +7 800 555-96-79; e-mail: support@docsinbox.ru]]>
              </value>
            </param>
          </params>
          <reporter-output>
            <line>
              <![CDATA[ Test checkPastDateRequest passed.]]>
            </line>
          </reporter-output>
        </test-method> <!-- checkPastDateRequest -->
      </class> <!-- DocInBoxTest.DocInBoxDateTest -->
    </test> <!-- DateTest -->
    <test started-at="2019-08-22T13:31:16 MSK" name="DuplicateDocumentTest" finished-at="2019-08-22T13:31:16 MSK" duration-ms="240">
      <class name="DocInBoxTest.DocInBoxDuplicateTest">
        <test-method signature="checkDuplicateDocumentRequest(org.json.simple.JSONObject, java.lang.String)[pri:0, instance:DocInBoxTest.DocInBoxDuplicateTest@6ae5aa72]" started-at="2019-08-22T13:31:16 MSK" name="checkDuplicateDocumentRequest" data-provider="TestType2" finished-at="2019-08-22T13:31:16 MSK" duration-ms="238" status="PASS">
          <params>
            <param index="0">
              <value>
                <![CDATA[{"systemInfo":"system=1C77;version=2.12.32.32;configVersion=1С бухгалтерия 10.3;clientVersion=1.2.3;ssl=true","payload":{"documents":[{"seller":{"additionalId":"office1","inn":"7729671578","name":"Тест Поставщик","kpp":"772345001"},"date":"01.12.2020 09:01:02","ttnNumber":"TTN-as78917293723","incomingNumber":"178939719898","invoiceNumber":"INV-127891789123","sum":27892.77,"comment":"Комментарий","items":[{"totalSum":118.0,"amount":1.23,"code":"cucumber","measure":"кг","ndsSum":18.0,"name":"Огурцы","ndsPercent":18.0,"storeCode":"bar"}],"buyer":{"additionalId":"office1","inn":"7841495202","name":"Тест покупатель","kpp":"784101001"}}]},"secretWord":"e003be61-9b1b-4d03-9c6f-248d015ca6ed"}]]>
              </value>
            </param>
            <param index="1">
              <value>
                <![CDATA[duplicate_document]]>
              </value>
            </param>
          </params>
          <reporter-output>
            <line>
              <![CDATA[ Test checkDuplicateDocumentRequest passed.]]>
            </line>
          </reporter-output>
        </test-method> <!-- checkDuplicateDocumentRequest -->
      </class> <!-- DocInBoxTest.DocInBoxDuplicateTest -->
    </test> <!-- DuplicateDocumentTest -->
    <test started-at="2019-08-22T13:31:16 MSK" name="InvalidParametrsTest" finished-at="2019-08-22T13:31:16 MSK" duration-ms="397">
      <class name="DocInBoxTest.DocInBoxInvalidParametrsTest">
        <test-method signature="checkIncorrectBuyerInnRequest(org.json.simple.JSONObject, java.lang.String)[pri:0, instance:DocInBoxTest.DocInBoxInvalidParametrsTest@478190fc]" started-at="2019-08-22T13:31:16 MSK" name="checkIncorrectBuyerInnRequest" data-provider="TestType3" finished-at="2019-08-22T13:31:16 MSK" duration-ms="185" status="PASS">
          <params>
            <param index="0">
              <value>
                <![CDATA[{"systemInfo":"system=1C77;version=2.12.32.32;configVersion=1С бухгалтерия 10.3;clientVersion=1.2.3;ssl=true","payload":{"documents":[{"seller":{"additionalId":"office1","inn":"aaaaaaaaaaaa","name":"Тест Поставщик","kpp":"772345001"},"date":"01.12.2020 09:01:02","ttnNumber":"TTN-as78917293723","incomingNumber":"178939719898","invoiceNumber":"INV-127891789123","sum":27892.77,"comment":"Комментарий","items":[{"totalSum":118.0,"amount":1.23,"code":"cucumber","measure":"кг","ndsSum":18.0,"name":"Огурцы","ndsPercent":18.0,"storeCode":"bar"}],"buyer":{"additionalId":"office1","inn":"7841495202","name":"Тест покупатель","kpp":"784101001"}}]},"secretWord":"e003be61-9b1b-4d03-9c6f-248d015ca6ed"}]]>
              </value>
            </param>
            <param index="1">
              <value>
                <![CDATA[incorrect_requisites]]>
              </value>
            </param>
          </params>
          <reporter-output>
            <line>
              <![CDATA[ Test checkIncorrectBuyerInnRequest passed.]]>
            </line>
          </reporter-output>
        </test-method> <!-- checkIncorrectBuyerInnRequest -->
        <test-method signature="checkIncorrectSystemInfo(org.json.simple.JSONObject, java.lang.String)[pri:0, instance:DocInBoxTest.DocInBoxInvalidParametrsTest@478190fc]" started-at="2019-08-22T13:31:16 MSK" name="checkIncorrectSystemInfo" data-provider="TestType3" finished-at="2019-08-22T13:31:16 MSK" duration-ms="209" status="PASS">
          <params>
            <param index="0">
              <value>
                <![CDATA[{"systemInfo":"system=1C7;version=2.12.32.32;configVersion=1С бухгалтерия 10.3;clientVersion=1.2.3;ssl=true","payload":{"documents":[{"seller":{"additionalId":"office1","inn":"7729671578","name":"Тест Поставщик","kpp":"772345001"},"date":"01.12.2020 09:01:02","ttnNumber":"TTN-as78917293723","incomingNumber":"178939719898","invoiceNumber":"INV-127891789123","sum":27892.77,"comment":"Комментарий","items":[{"totalSum":118.0,"amount":1.23,"code":"cucumber","measure":"кг","ndsSum":18.0,"name":"Огурцы","ndsPercent":18.0,"storeCode":"bar"}],"buyer":{"additionalId":"office1","inn":"7841495202","name":"Тест покупатель","kpp":"784101001"}}]},"secretWord":"e003be61-9b1b-4d03-9c6f-248d015ca6ed"}]]>
              </value>
            </param>
            <param index="1">
              <value>
                <![CDATA[incorrect_json]]>
              </value>
            </param>
          </params>
          <reporter-output>
            <line>
              <![CDATA[ Test checkIncorrectSystemInfo passed.]]>
            </line>
          </reporter-output>
        </test-method> <!-- checkIncorrectSystemInfo -->
      </class> <!-- DocInBoxTest.DocInBoxInvalidParametrsTest -->
    </test> <!-- InvalidParametrsTest -->
  </suite> <!-- DocInBoxTestSuite -->
</testng-results>
