<?xml version="1.0" encoding="UTF-8"?>
<!-- Generated by org.testng.reporters.JUnitXMLReporter -->
<testsuite hostname="Ivan_Mechnikov" failures="0" tests="2" name="test suite" time="0.701" errors="0" timestamp="21 Aug 2019 12:48:25 GMT">
  <testcase classname="DocInBoxTest.DocInBoxDateTest" name="CheckConnection" time="0.69"/>
  <testcase classname="DocInBoxTest.DocInBoxDateTest" name="CheckNormRequest" time="0.001">
    <skipped/>
  </testcase> <!-- CheckNormRequest -->
</testsuite> <!-- test suite -->
