<?xml version="1.0" encoding="UTF-8"?>
<!-- Generated by org.testng.reporters.JUnitXMLReporter -->
<testsuite ignored="0" hostname="Ivan_Mechnikov" failures="0" tests="3" name="DateTest" time="1.319" errors="0" timestamp="2019-08-22T13:31:16 MSK">
  <testcase classname="DocInBoxTest.DocInBoxDateTest" name="checkConnection" time="0.193"/>
  <testcase classname="DocInBoxTest.DocInBoxDateTest" name="checkFutureDateRequest" time="0.214"/>
  <testcase classname="DocInBoxTest.DocInBoxDateTest" name="checkPastDateRequest" time="0.196"/>
</testsuite> <!-- DateTest -->
