<?xml version="1.0" encoding="UTF-8"?>
<!-- Generated by org.testng.reporters.JUnitXMLReporter -->
<testsuite ignored="0" hostname="Ivan_Mechnikov" failures="0" tests="2" name="InvalidParametrsTest" time="0.397" errors="0" timestamp="2019-08-22T13:31:16 MSK">
  <testcase classname="DocInBoxTest.DocInBoxInvalidParametrsTest" name="checkIncorrectBuyerInnRequest" time="0.185"/>
  <testcase classname="DocInBoxTest.DocInBoxInvalidParametrsTest" name="checkIncorrectSystemInfo" time="0.209"/>
</testsuite> <!-- InvalidParametrsTest -->
